[06-Sep-2018 18:31:56 UTC] PHP Parse error:  syntax error, unexpected '<' in /home/ubuntu/workspace/cst352/labs/lap2/index.php on line 39
[06-Sep-2018 18:32:06 UTC] PHP Parse error:  syntax error, unexpected '<' in /home/ubuntu/workspace/cst352/labs/lap2/index.php on line 39
[11-Sep-2018 18:46:06 UTC] PHP Parse error:  syntax error, unexpected '1' (T_LNUMBER), expecting variable (T_VARIABLE) or '$' in /home/ubuntu/workspace/cst352/labs/lab2/index.php on line 33
[11-Sep-2018 18:46:55 UTC] PHP Parse error:  syntax error, unexpected 'rand' (T_STRING) in /home/ubuntu/workspace/cst352/labs/lab2/index.php on line 33
[11-Sep-2018 18:51:14 UTC] PHP Parse error:  syntax error, unexpected end of file in /home/ubuntu/workspace/cst352/labs/lab2/index.php on line 59
[11-Sep-2018 18:51:34 UTC] PHP Parse error:  syntax error, unexpected end of file in /home/ubuntu/workspace/cst352/labs/lab2/index.php on line 59
[12-Sep-2018 18:23:01 UTC] PHP Parse error:  syntax error, unexpected end of file in /home/ubuntu/workspace/cst352/labs/lab2/index.php on line 59
[12-Sep-2018 18:23:40 UTC] PHP Parse error:  syntax error, unexpected end of file in /home/ubuntu/workspace/cst352/labs/lab2/index.php on line 58
[12-Sep-2018 18:23:42 UTC] PHP Parse error:  syntax error, unexpected end of file in /home/ubuntu/workspace/cst352/labs/lab2/index.php on line 58
[12-Sep-2018 18:23:55 UTC] PHP Parse error:  syntax error, unexpected end of file in /home/ubuntu/workspace/cst352/labs/lab2/index.php on line 58
[12-Sep-2018 18:23:57 UTC] PHP Parse error:  syntax error, unexpected end of file in /home/ubuntu/workspace/cst352/labs/lab2/index.php on line 58
[12-Sep-2018 18:28:12 UTC] PHP Parse error:  syntax error, unexpected end of file in /home/ubuntu/workspace/cst352/labs/lab2/index.php on line 59
[12-Sep-2018 18:29:42 UTC] PHP Parse error:  syntax error, unexpected end of file in /home/ubuntu/workspace/cst352/labs/lab2/index.php on line 59
[12-Sep-2018 18:31:21 UTC] PHP Parse error:  syntax error, unexpected end of file in /home/ubuntu/workspace/cst352/labs/lab2/index.php on line 59
[12-Sep-2018 18:34:17 UTC] PHP Parse error:  syntax error, unexpected end of file in /home/ubuntu/workspace/cst352/labs/lab2/index.php on line 58
[12-Sep-2018 18:37:45 UTC] PHP Parse error:  syntax error, unexpected end of file in /home/ubuntu/workspace/cst352/labs/lab2/index.php on line 57
[12-Sep-2018 18:38:23 UTC] PHP Parse error:  syntax error, unexpected end of file in /home/ubuntu/workspace/cst352/labs/lab2/index.php on line 57
[12-Sep-2018 18:41:38 UTC] PHP Parse error:  syntax error, unexpected end of file in /home/ubuntu/workspace/cst352/labs/lab2/index.php on line 57
[12-Sep-2018 18:41:41 UTC] PHP Parse error:  syntax error, unexpected end of file in /home/ubuntu/workspace/cst352/labs/lab2/index.php on line 57
[12-Sep-2018 18:42:16 UTC] PHP Parse error:  syntax error, unexpected end of file in /home/ubuntu/workspace/cst352/labs/lab2/index.php on line 57
[12-Sep-2018 18:42:18 UTC] PHP Parse error:  syntax error, unexpected end of file in /home/ubuntu/workspace/cst352/labs/lab2/index.php on line 57
[12-Sep-2018 18:53:19 UTC] PHP Fatal error:  Call to undefined function displaySymbol() in /home/ubuntu/workspace/cst352/labs/lab2/index.php on line 23
[12-Sep-2018 18:53:19 UTC] PHP Stack trace:
[12-Sep-2018 18:53:19 UTC] PHP   1. {main}() /home/ubuntu/workspace/cst352/labs/lab2/index.php:0
[12-Sep-2018 18:54:33 UTC] PHP Parse error:  syntax error, unexpected end of file in /home/ubuntu/workspace/cst352/labs/lab2/index.php on line 31
[12-Sep-2018 18:54:47 UTC] PHP Fatal error:  Call to undefined function displaySymbol() in /home/ubuntu/workspace/cst352/labs/lab2/index.php on line 25
[12-Sep-2018 18:54:47 UTC] PHP Stack trace:
[12-Sep-2018 18:54:47 UTC] PHP   1. {main}() /home/ubuntu/workspace/cst352/labs/lab2/index.php:0
[12-Sep-2018 18:56:18 UTC] PHP Parse error:  syntax error, unexpected '<' in /home/ubuntu/workspace/cst352/labs/lab2/index.php on line 9
[12-Sep-2018 18:57:54 UTC] PHP Fatal error:  Call to undefined function displaySymbol() in /home/ubuntu/workspace/cst352/labs/lab2/index.php on line 14
[12-Sep-2018 18:57:54 UTC] PHP Stack trace:
[12-Sep-2018 18:57:54 UTC] PHP   1. {main}() /home/ubuntu/workspace/cst352/labs/lab2/index.php:0
[12-Sep-2018 19:17:35 UTC] PHP Parse error:  syntax error, unexpected '}' in /home/ubuntu/workspace/cst352/labs/lab2/index.php on line 37
[12-Sep-2018 19:18:06 UTC] PHP Fatal error:  Call to undefined function displaySymbol() in /home/ubuntu/workspace/cst352/labs/lab2/index.php on line 14
[12-Sep-2018 19:18:06 UTC] PHP Stack trace:
[12-Sep-2018 19:18:06 UTC] PHP   1. {main}() /home/ubuntu/workspace/cst352/labs/lab2/index.php:0
[12-Sep-2018 19:24:10 UTC] PHP Parse error:  syntax error, unexpected 'function' (T_FUNCTION), expecting '{' in /home/ubuntu/workspace/cst352/labs/lab2/index.php on line 35
[12-Sep-2018 19:46:19 UTC] PHP Fatal error:  Call to undefined function displaySymbol() in /home/ubuntu/workspace/cst352/labs/lab2/index.php on line 14
[12-Sep-2018 19:46:19 UTC] PHP Stack trace:
[12-Sep-2018 19:46:19 UTC] PHP   1. {main}() /home/ubuntu/workspace/cst352/labs/lab2/index.php:0
[12-Sep-2018 19:46:23 UTC] PHP Fatal error:  Call to undefined function displaySymbol() in /home/ubuntu/workspace/cst352/labs/lab2/index.php on line 14
[12-Sep-2018 19:46:23 UTC] PHP Stack trace:
[12-Sep-2018 19:46:23 UTC] PHP   1. {main}() /home/ubuntu/workspace/cst352/labs/lab2/index.php:0
[12-Sep-2018 19:46:51 UTC] PHP Fatal error:  Call to undefined function displaySymbol() in /home/ubuntu/workspace/cst352/labs/lab2/index.php on line 14
[12-Sep-2018 19:46:51 UTC] PHP Stack trace:
[12-Sep-2018 19:46:51 UTC] PHP   1. {main}() /home/ubuntu/workspace/cst352/labs/lab2/index.php:0
[12-Sep-2018 19:46:54 UTC] PHP Fatal error:  Call to undefined function displaySymbol() in /home/ubuntu/workspace/cst352/labs/lab2/index.php on line 14
[12-Sep-2018 19:46:54 UTC] PHP Stack trace:
[12-Sep-2018 19:46:54 UTC] PHP   1. {main}() /home/ubuntu/workspace/cst352/labs/lab2/index.php:0
[12-Sep-2018 19:46:56 UTC] PHP Fatal error:  Call to undefined function displaySymbol() in /home/ubuntu/workspace/cst352/labs/lab2/index.php on line 14
[12-Sep-2018 19:46:56 UTC] PHP Stack trace:
[12-Sep-2018 19:46:56 UTC] PHP   1. {main}() /home/ubuntu/workspace/cst352/labs/lab2/index.php:0
[12-Sep-2018 19:48:44 UTC] PHP Fatal error:  Call to undefined function displaySymbol() in /home/ubuntu/workspace/cst352/labs/lab2/index.php on line 14
[12-Sep-2018 19:48:44 UTC] PHP Stack trace:
[12-Sep-2018 19:48:44 UTC] PHP   1. {main}() /home/ubuntu/workspace/cst352/labs/lab2/index.php:0
[12-Sep-2018 20:13:36 UTC] PHP Fatal error:  Call to undefined function displaySymbol() in /home/ubuntu/workspace/cst352/labs/lab2/index.php on line 14
[12-Sep-2018 20:13:36 UTC] PHP Stack trace:
[12-Sep-2018 20:13:36 UTC] PHP   1. {main}() /home/ubuntu/workspace/cst352/labs/lab2/index.php:0
[12-Sep-2018 20:13:39 UTC] PHP Fatal error:  Call to undefined function displaySymbol() in /home/ubuntu/workspace/cst352/labs/lab2/index.php on line 14
[12-Sep-2018 20:13:39 UTC] PHP Stack trace:
[12-Sep-2018 20:13:39 UTC] PHP   1. {main}() /home/ubuntu/workspace/cst352/labs/lab2/index.php:0
[12-Sep-2018 20:17:00 UTC] PHP Fatal error:  Call to undefined function displaySymbol() in /home/ubuntu/workspace/cst352/labs/lab2/index.php on line 14
[12-Sep-2018 20:17:00 UTC] PHP Stack trace:
[12-Sep-2018 20:17:00 UTC] PHP   1. {main}() /home/ubuntu/workspace/cst352/labs/lab2/index.php:0
[12-Sep-2018 20:27:23 UTC] PHP Fatal error:  Call to undefined function displaySymbol() in /home/ubuntu/workspace/cst352/labs/lab2/index.php on line 8
[12-Sep-2018 20:27:23 UTC] PHP Stack trace:
[12-Sep-2018 20:27:23 UTC] PHP   1. {main}() /home/ubuntu/workspace/cst352/labs/lab2/index.php:0
[12-Sep-2018 20:34:28 UTC] PHP Fatal error:  Cannot redeclare displaySymbol() (previously declared in /home/ubuntu/workspace/cst352/labs/lab2/index.php:33) in /home/ubuntu/workspace/cst352/labs/lab2/index.php on line 34
[12-Sep-2018 20:56:38 UTC] PHP Parse error:  syntax error, unexpected 'break' (T_BREAK), expecting ',' or ';' in /home/ubuntu/workspace/cst352/labs/lab2/index.php on line 33
[12-Sep-2018 20:58:03 UTC] PHP Parse error:  syntax error, unexpected 'break' (T_BREAK), expecting ',' or ';' in /home/ubuntu/workspace/cst352/labs/lab2/index.php on line 33
[12-Sep-2018 20:59:38 UTC] PHP Parse error:  syntax error, unexpected 'else' (T_ELSE) in /home/ubuntu/workspace/cst352/labs/lab2/index.php on line 40
[12-Sep-2018 21:02:08 UTC] PHP Parse error:  syntax error, unexpected 'else' (T_ELSE) in /home/ubuntu/workspace/cst352/labs/lab2/index.php on line 40
[12-Sep-2018 21:02:11 UTC] PHP Parse error:  syntax error, unexpected 'else' (T_ELSE) in /home/ubuntu/workspace/cst352/labs/lab2/index.php on line 40
[12-Sep-2018 21:04:42 UTC] PHP Warning:  Missing argument 2 for displaySymbol(), called in /home/ubuntu/workspace/cst352/labs/lab2/index.php on line 11 and defined in /home/ubuntu/workspace/cst352/labs/lab2/index.php on line 13
[12-Sep-2018 21:04:42 UTC] PHP Stack trace:
[12-Sep-2018 21:04:42 UTC] PHP   1. {main}() /home/ubuntu/workspace/cst352/labs/lab2/index.php:0
[12-Sep-2018 21:04:42 UTC] PHP   2. displaySymbol() /home/ubuntu/workspace/cst352/labs/lab2/index.php:11
[12-Sep-2018 21:04:42 UTC] PHP Warning:  Missing argument 3 for displaySymbol(), called in /home/ubuntu/workspace/cst352/labs/lab2/index.php on line 11 and defined in /home/ubuntu/workspace/cst352/labs/lab2/index.php on line 13
[12-Sep-2018 21:04:42 UTC] PHP Stack trace:
[12-Sep-2018 21:04:42 UTC] PHP   1. {main}() /home/ubuntu/workspace/cst352/labs/lab2/index.php:0
[12-Sep-2018 21:04:42 UTC] PHP   2. displaySymbol() /home/ubuntu/workspace/cst352/labs/lab2/index.php:11
[12-Sep-2018 21:04:42 UTC] PHP Warning:  Missing argument 2 for displaySymbol(), called in /home/ubuntu/workspace/cst352/labs/lab2/index.php on line 11 and defined in /home/ubuntu/workspace/cst352/labs/lab2/index.php on line 13
[12-Sep-2018 21:04:42 UTC] PHP Stack trace:
[12-Sep-2018 21:04:42 UTC] PHP   1. {main}() /home/ubuntu/workspace/cst352/labs/lab2/index.php:0
[12-Sep-2018 21:04:42 UTC] PHP   2. displaySymbol() /home/ubuntu/workspace/cst352/labs/lab2/index.php:11
[12-Sep-2018 21:04:42 UTC] PHP Warning:  Missing argument 3 for displaySymbol(), called in /home/ubuntu/workspace/cst352/labs/lab2/index.php on line 11 and defined in /home/ubuntu/workspace/cst352/labs/lab2/index.php on line 13
[12-Sep-2018 21:04:42 UTC] PHP Stack trace:
[12-Sep-2018 21:04:42 UTC] PHP   1. {main}() /home/ubuntu/workspace/cst352/labs/lab2/index.php:0
[12-Sep-2018 21:04:42 UTC] PHP   2. displaySymbol() /home/ubuntu/workspace/cst352/labs/lab2/index.php:11
[12-Sep-2018 21:04:42 UTC] PHP Warning:  Missing argument 2 for displaySymbol(), called in /home/ubuntu/workspace/cst352/labs/lab2/index.php on line 11 and defined in /home/ubuntu/workspace/cst352/labs/lab2/index.php on line 13
[12-Sep-2018 21:04:42 UTC] PHP Stack trace:
[12-Sep-2018 21:04:42 UTC] PHP   1. {main}() /home/ubuntu/workspace/cst352/labs/lab2/index.php:0
[12-Sep-2018 21:04:42 UTC] PHP   2. displaySymbol() /home/ubuntu/workspace/cst352/labs/lab2/index.php:11
[12-Sep-2018 21:04:42 UTC] PHP Warning:  Missing argument 3 for displaySymbol(), called in /home/ubuntu/workspace/cst352/labs/lab2/index.php on line 11 and defined in /home/ubuntu/workspace/cst352/labs/lab2/index.php on line 13
[12-Sep-2018 21:04:42 UTC] PHP Stack trace:
[12-Sep-2018 21:04:42 UTC] PHP   1. {main}() /home/ubuntu/workspace/cst352/labs/lab2/index.php:0
[12-Sep-2018 21:04:42 UTC] PHP   2. displaySymbol() /home/ubuntu/workspace/cst352/labs/lab2/index.php:11
[12-Sep-2018 21:04:42 UTC] PHP Warning:  Missing argument 2 for displaySymbol(), called in /home/ubuntu/workspace/cst352/labs/lab2/index.php on line 11 and defined in /home/ubuntu/workspace/cst352/labs/lab2/index.php on line 13
[12-Sep-2018 21:04:42 UTC] PHP Stack trace:
[12-Sep-2018 21:04:42 UTC] PHP   1. {main}() /home/ubuntu/workspace/cst352/labs/lab2/index.php:0
[12-Sep-2018 21:04:42 UTC] PHP   2. displaySymbol() /home/ubuntu/workspace/cst352/labs/lab2/index.php:11
[12-Sep-2018 21:04:42 UTC] PHP Warning:  Missing argument 3 for displaySymbol(), called in /home/ubuntu/workspace/cst352/labs/lab2/index.php on line 11 and defined in /home/ubuntu/workspace/cst352/labs/lab2/index.php on line 13
[12-Sep-2018 21:04:42 UTC] PHP Stack trace:
[12-Sep-2018 21:04:42 UTC] PHP   1. {main}() /home/ubuntu/workspace/cst352/labs/lab2/index.php:0
[12-Sep-2018 21:04:42 UTC] PHP   2. displaySymbol() /home/ubuntu/workspace/cst352/labs/lab2/index.php:11
[12-Sep-2018 21:17:24 UTC] PHP Fatal error:  Call to undefined function displaySymbol() in /home/ubuntu/workspace/cst352/labs/lab2/index.php on line 11
[12-Sep-2018 21:17:24 UTC] PHP Stack trace:
[12-Sep-2018 21:17:24 UTC] PHP   1. {main}() /home/ubuntu/workspace/cst352/labs/lab2/index.php:0
[12-Sep-2018 21:18:00 UTC] PHP Parse error:  syntax error, unexpected '{' in /home/ubuntu/workspace/cst352/labs/lab2/index.php on line 8
[12-Sep-2018 21:43:52 UTC] PHP Fatal error:  Call to undefined function play() in /home/ubuntu/workspace/cst352/labs/lab2/inc/functions.php on line 4
[12-Sep-2018 21:43:52 UTC] PHP Stack trace:
[12-Sep-2018 21:43:52 UTC] PHP   1. {main}() /home/ubuntu/workspace/cst352/labs/lab2/index.php:0
[12-Sep-2018 21:43:52 UTC] PHP   2. include() /home/ubuntu/workspace/cst352/labs/lab2/index.php:9
[12-Sep-2018 21:46:42 UTC] PHP Parse error:  syntax error, unexpected 'play' (T_STRING) in /home/ubuntu/workspace/cst352/labs/lab2/index.php on line 9
[12-Sep-2018 21:46:45 UTC] PHP Parse error:  syntax error, unexpected 'play' (T_STRING) in /home/ubuntu/workspace/cst352/labs/lab2/index.php on line 9
[12-Sep-2018 21:56:38 UTC] PHP Parse error:  syntax error, unexpected '>' in /home/ubuntu/workspace/cst352/labs/lab2/inc/functions.php on line 31
[12-Sep-2018 21:56:38 UTC] PHP Stack trace:
[12-Sep-2018 21:56:38 UTC] PHP   1. {main}() /home/ubuntu/workspace/cst352/labs/lab2/index.php:0
[12-Sep-2018 21:56:40 UTC] PHP Parse error:  syntax error, unexpected '>' in /home/ubuntu/workspace/cst352/labs/lab2/inc/functions.php on line 31
[12-Sep-2018 21:56:40 UTC] PHP Stack trace:
[12-Sep-2018 21:56:40 UTC] PHP   1. {main}() /home/ubuntu/workspace/cst352/labs/lab2/index.php:0
[12-Sep-2018 21:56:54 UTC] PHP Parse error:  syntax error, unexpected 'if' (T_IF), expecting ',' or ';' in /home/ubuntu/workspace/cst352/labs/lab2/inc/functions.php on line 28
[12-Sep-2018 21:56:54 UTC] PHP Stack trace:
[12-Sep-2018 21:56:54 UTC] PHP   1. {main}() /home/ubuntu/workspace/cst352/labs/lab2/index.php:0
[12-Sep-2018 21:57:07 UTC] PHP Warning:  Missing argument 2 for displaySymbol(), called in /home/ubuntu/workspace/cst352/labs/lab2/inc/functions.php on line 19 and defined in /home/ubuntu/workspace/cst352/labs/lab2/inc/functions.php on line 2
[12-Sep-2018 21:57:07 UTC] PHP Stack trace:
[12-Sep-2018 21:57:07 UTC] PHP   1. {main}() /home/ubuntu/workspace/cst352/labs/lab2/index.php:0
[12-Sep-2018 21:57:07 UTC] PHP   2. include() /home/ubuntu/workspace/cst352/labs/lab2/index.php:10
[12-Sep-2018 21:57:07 UTC] PHP   3. displaySymbol() /home/ubuntu/workspace/cst352/labs/lab2/inc/functions.php:19
[12-Sep-2018 21:57:13 UTC] PHP Warning:  Missing argument 2 for displaySymbol(), called in /home/ubuntu/workspace/cst352/labs/lab2/inc/functions.php on line 19 and defined in /home/ubuntu/workspace/cst352/labs/lab2/inc/functions.php on line 2
[12-Sep-2018 21:57:13 UTC] PHP Stack trace:
[12-Sep-2018 21:57:13 UTC] PHP   1. {main}() /home/ubuntu/workspace/cst352/labs/lab2/index.php:0
[12-Sep-2018 21:57:13 UTC] PHP   2. include() /home/ubuntu/workspace/cst352/labs/lab2/index.php:10
[12-Sep-2018 21:57:13 UTC] PHP   3. displaySymbol() /home/ubuntu/workspace/cst352/labs/lab2/inc/functions.php:19
[12-Sep-2018 21:57:16 UTC] PHP Warning:  Missing argument 2 for displaySymbol(), called in /home/ubuntu/workspace/cst352/labs/lab2/inc/functions.php on line 19 and defined in /home/ubuntu/workspace/cst352/labs/lab2/inc/functions.php on line 2
[12-Sep-2018 21:57:16 UTC] PHP Stack trace:
[12-Sep-2018 21:57:16 UTC] PHP   1. {main}() /home/ubuntu/workspace/cst352/labs/lab2/index.php:0
[12-Sep-2018 21:57:16 UTC] PHP   2. include() /home/ubuntu/workspace/cst352/labs/lab2/index.php:10
[12-Sep-2018 21:57:16 UTC] PHP   3. displaySymbol() /home/ubuntu/workspace/cst352/labs/lab2/inc/functions.php:19
[12-Sep-2018 21:57:55 UTC] PHP Warning:  Missing argument 2 for displaySymbol(), called in /home/ubuntu/workspace/cst352/labs/lab2/inc/functions.php on line 19 and defined in /home/ubuntu/workspace/cst352/labs/lab2/inc/functions.php on line 2
[12-Sep-2018 21:57:55 UTC] PHP Stack trace:
[12-Sep-2018 21:57:55 UTC] PHP   1. {main}() /home/ubuntu/workspace/cst352/labs/lab2/index.php:0
[12-Sep-2018 21:57:55 UTC] PHP   2. include() /home/ubuntu/workspace/cst352/labs/lab2/index.php:10
[12-Sep-2018 21:57:55 UTC] PHP   3. displaySymbol() /home/ubuntu/workspace/cst352/labs/lab2/inc/functions.php:19
[12-Sep-2018 21:57:56 UTC] PHP Warning:  Missing argument 2 for displaySymbol(), called in /home/ubuntu/workspace/cst352/labs/lab2/inc/functions.php on line 19 and defined in /home/ubuntu/workspace/cst352/labs/lab2/inc/functions.php on line 2
[12-Sep-2018 21:57:56 UTC] PHP Stack trace:
[12-Sep-2018 21:57:56 UTC] PHP   1. {main}() /home/ubuntu/workspace/cst352/labs/lab2/index.php:0
[12-Sep-2018 21:57:56 UTC] PHP   2. include() /home/ubuntu/workspace/cst352/labs/lab2/index.php:10
[12-Sep-2018 21:57:56 UTC] PHP   3. displaySymbol() /home/ubuntu/workspace/cst352/labs/lab2/inc/functions.php:19
[12-Sep-2018 21:58:00 UTC] PHP Warning:  Missing argument 2 for displaySymbol(), called in /home/ubuntu/workspace/cst352/labs/lab2/inc/functions.php on line 19 and defined in /home/ubuntu/workspace/cst352/labs/lab2/inc/functions.php on line 2
[12-Sep-2018 21:58:00 UTC] PHP Stack trace:
[12-Sep-2018 21:58:00 UTC] PHP   1. {main}() /home/ubuntu/workspace/cst352/labs/lab2/index.php:0
[12-Sep-2018 21:58:00 UTC] PHP   2. include() /home/ubuntu/workspace/cst352/labs/lab2/index.php:10
[12-Sep-2018 21:58:00 UTC] PHP   3. displaySymbol() /home/ubuntu/workspace/cst352/labs/lab2/inc/functions.php:19
[15-Sep-2018 00:38:36 UTC] PHP Parse error:  syntax error, unexpected 'play' (T_STRING) in /home/ubuntu/workspace/cst352/labs/lab2/index.php on line 9
[15-Sep-2018 00:38:38 UTC] PHP Parse error:  syntax error, unexpected 'play' (T_STRING) in /home/ubuntu/workspace/cst352/labs/lab2/index.php on line 9
[15-Sep-2018 00:43:12 UTC] PHP Fatal error:  Call to undefined function play() in /home/ubuntu/workspace/cst352/labs/lab2/inc/functions.php on line 34
[15-Sep-2018 00:43:12 UTC] PHP Stack trace:
[15-Sep-2018 00:43:12 UTC] PHP   1. {main}() /home/ubuntu/workspace/cst352/labs/lab2/index.php:0
[15-Sep-2018 00:43:12 UTC] PHP   2. include() /home/ubuntu/workspace/cst352/labs/lab2/index.php:10
[15-Sep-2018 01:01:33 UTC] PHP Parse error:  syntax error, unexpected 'play' (T_STRING) in /home/ubuntu/workspace/cst352/labs/lab2/index.php on line 9
[15-Sep-2018 01:02:00 UTC] PHP Parse error:  syntax error, unexpected 'play' (T_STRING) in /home/ubuntu/workspace/cst352/labs/lab2/index.php on line 9
[15-Sep-2018 01:02:03 UTC] PHP Parse error:  syntax error, unexpected 'play' (T_STRING) in /home/ubuntu/workspace/cst352/labs/lab2/index.php on line 9
[15-Sep-2018 07:03:48 UTC] PHP Parse error:  syntax error, unexpected '<' in /home/ubuntu/workspace/cst352/labs/lab2/inc/functions.php on line 15
[15-Sep-2018 07:03:48 UTC] PHP Stack trace:
[15-Sep-2018 07:03:48 UTC] PHP   1. {main}() /home/ubuntu/workspace/cst352/labs/lab2/index.php:0
